<?xml version="1.0" encoding="UTF-8"?>
<!-- Generated by org.testng.reporters.JUnitXMLReporter -->
<testsuite ignored="0" hostname="charans-MacBook-Air.local" failures="0" tests="4" name="Default test" time="34.713" errors="0" timestamp="2026-01-19T18:53:33 IST">
  <testcase classname="com.in28minutes.webdriver.basics.form.FormElementCheckBoxTest" name="checkACheckBox" time="8.431"/>
  <testcase classname="com.in28minutes.webdriver.basics.form.FormElementCheckBoxTest" name="readFromACheckBox" time="0.088"/>
  <testcase classname="com.in28minutes.webdriver.basics.form.FormElementCheckBoxTest" name="setAValueIntoCheckBoxElement1" time="16.165"/>
  <testcase classname="com.in28minutes.webdriver.basics.form.FormElementCheckBoxTest" name="unCheckACheckBox" time="8.254"/>
</testsuite> <!-- Default test -->
